<?xml version="1.0" encoding="UTF-8"?>
<testng-results ignored="0" total="2" passed="2" failed="0" skipped="0">
  <reporter-output>
  </reporter-output>
  <suite started-at="2025-05-28T22:49:32 IST" name="MasterSuite" finished-at="2025-05-28T22:49:47 IST" duration-ms="15194">
    <groups>
      <group name="Master">
        <method signature="TC_001_AccountRegistrationTest.verify_account_registration()[pri:0, instance:testCases.TC_001_AccountRegistrationTest@2a898881]" name="verify_account_registration" class="testCases.TC_001_AccountRegistrationTest"/>
        <method signature="TC_002_LoginPage.testlogin()[pri:0, instance:testCases.TC_002_LoginPage@6d3c5255]" name="testlogin" class="testCases.TC_002_LoginPage"/>
      </group> <!-- Master -->
      <group name="Sanity">
        <method signature="TC_002_LoginPage.testlogin()[pri:0, instance:testCases.TC_002_LoginPage@6d3c5255]" name="testlogin" class="testCases.TC_002_LoginPage"/>
      </group> <!-- Sanity -->
      <group name="Regression">
        <method signature="TC_001_AccountRegistrationTest.verify_account_registration()[pri:0, instance:testCases.TC_001_AccountRegistrationTest@2a898881]" name="verify_account_registration" class="testCases.TC_001_AccountRegistrationTest"/>
      </group> <!-- Regression -->
    </groups>
    <test started-at="2025-05-28T22:49:32 IST" name="Test" finished-at="2025-05-28T22:49:47 IST" duration-ms="15194">
      <class name="testCases.TC_001_AccountRegistrationTest">
        <test-method is-config="true" signature="setup(java.lang.String,java.lang.String)[pri:0, instance:testCases.TC_001_AccountRegistrationTest@2a898881]" started-at="2025-05-28T22:49:32 IST" name="setup" finished-at="2025-05-28T22:49:37 IST" duration-ms="4710" status="PASS">
          <params>
            <param index="0">
              <value>
                <![CDATA[linux]]>
              </value>
            </param>
            <param index="1">
              <value>
                <![CDATA[chrome]]>
              </value>
            </param>
          </params>
          <reporter-output>
          </reporter-output>
        </test-method> <!-- setup -->
        <test-method signature="verify_account_registration()[pri:0, instance:testCases.TC_001_AccountRegistrationTest@2a898881]" started-at="2025-05-28T22:49:37 IST" name="verify_account_registration" finished-at="2025-05-28T22:49:42 IST" duration-ms="5036" status="PASS">
          <reporter-output>
          </reporter-output>
        </test-method> <!-- verify_account_registration -->
        <test-method is-config="true" signature="teardown()[pri:0, instance:testCases.TC_001_AccountRegistrationTest@2a898881]" started-at="2025-05-28T22:49:42 IST" name="teardown" finished-at="2025-05-28T22:49:42 IST" duration-ms="121" status="PASS">
          <reporter-output>
          </reporter-output>
        </test-method> <!-- teardown -->
      </class> <!-- testCases.TC_001_AccountRegistrationTest -->
      <class name="testCases.TC_002_LoginPage">
        <test-method is-config="true" signature="setup(java.lang.String,java.lang.String)[pri:0, instance:testCases.TC_002_LoginPage@6d3c5255]" started-at="2025-05-28T22:49:42 IST" name="setup" finished-at="2025-05-28T22:49:46 IST" duration-ms="3846" status="PASS">
          <params>
            <param index="0">
              <value>
                <![CDATA[linux]]>
              </value>
            </param>
            <param index="1">
              <value>
                <![CDATA[chrome]]>
              </value>
            </param>
          </params>
          <reporter-output>
          </reporter-output>
        </test-method> <!-- setup -->
        <test-method signature="testlogin()[pri:0, instance:testCases.TC_002_LoginPage@6d3c5255]" started-at="2025-05-28T22:49:46 IST" name="testlogin" finished-at="2025-05-28T22:49:47 IST" duration-ms="1158" status="PASS">
          <reporter-output>
          </reporter-output>
        </test-method> <!-- testlogin -->
        <test-method is-config="true" signature="teardown()[pri:0, instance:testCases.TC_002_LoginPage@6d3c5255]" started-at="2025-05-28T22:49:47 IST" name="teardown" finished-at="2025-05-28T22:49:47 IST" duration-ms="111" status="PASS">
          <reporter-output>
          </reporter-output>
        </test-method> <!-- teardown -->
      </class> <!-- testCases.TC_002_LoginPage -->
    </test> <!-- Test -->
  </suite> <!-- MasterSuite -->
</testng-results>
